10 Mar 2025 19:29:20,264 INFO  main.CarsDBRepository 19 <init> - Initializing CarsDBRepository with properties: {} 
10 Mar 2025 19:29:20,278 TRACE main.CarsDBRepository 57 add - Enter saving task Id=0 Tesla Model S 2019
10 Mar 2025 19:29:20,279 TRACE main.JdbcUtils 48 getConnection - Enter
10 Mar 2025 19:29:20,279 TRACE main.JdbcUtils 25 getNewConnection - Enter
10 Mar 2025 19:29:20,279 INFO  main.JdbcUtils 30 getNewConnection - trying to connect to database ... null
10 Mar 2025 19:29:20,281 INFO  main.JdbcUtils 31 getNewConnection - user: null
10 Mar 2025 19:29:20,283 INFO  main.JdbcUtils 32 getNewConnection - pass: null
10 Mar 2025 19:29:20,285 ERROR main.JdbcUtils 41 getNewConnection - java.sql.SQLException: The url cannot be null
10 Mar 2025 19:29:20,286 TRACE main.JdbcUtils 57 getConnection - Exit
10 Mar 2025 19:29:48,821 INFO  main.CarsDBRepository 19 <init> - Initializing CarsDBRepository with properties: {} 
10 Mar 2025 19:29:48,835 TRACE main.CarsDBRepository 57 add - Enter saving task Id=0 Tesla Model S 2019
10 Mar 2025 19:29:48,835 TRACE main.JdbcUtils 48 getConnection - Enter
10 Mar 2025 19:29:48,836 TRACE main.JdbcUtils 25 getNewConnection - Enter
10 Mar 2025 19:29:48,836 INFO  main.JdbcUtils 30 getNewConnection - trying to connect to database ... null
10 Mar 2025 19:29:48,837 INFO  main.JdbcUtils 31 getNewConnection - user: null
10 Mar 2025 19:29:48,837 INFO  main.JdbcUtils 32 getNewConnection - pass: null
10 Mar 2025 19:29:48,840 ERROR main.JdbcUtils 41 getNewConnection - java.sql.SQLException: The url cannot be null
10 Mar 2025 19:29:48,841 TRACE main.JdbcUtils 57 getConnection - Exit
10 Mar 2025 19:30:03,073 INFO  main.CarsDBRepository 19 <init> - Initializing CarsDBRepository with properties: {} 
10 Mar 2025 19:30:03,087 TRACE main.CarsDBRepository 57 add - Enter saving task Id=0 Tesla Model S 2019
10 Mar 2025 19:30:03,087 TRACE main.JdbcUtils 48 getConnection - Enter
10 Mar 2025 19:30:03,088 TRACE main.JdbcUtils 25 getNewConnection - Enter
10 Mar 2025 19:30:03,088 INFO  main.JdbcUtils 30 getNewConnection - trying to connect to database ... null
10 Mar 2025 19:30:03,089 INFO  main.JdbcUtils 31 getNewConnection - user: null
10 Mar 2025 19:30:03,089 INFO  main.JdbcUtils 32 getNewConnection - pass: null
10 Mar 2025 19:30:03,092 ERROR main.JdbcUtils 41 getNewConnection - java.sql.SQLException: The url cannot be null
10 Mar 2025 19:30:03,093 TRACE main.JdbcUtils 57 getConnection - Exit
10 Mar 2025 22:41:29,852 INFO  main.CarsDBRepository 19 <init> - Initializing CarsDBRepository with properties: {} 
10 Mar 2025 22:41:29,859 TRACE main.CarsDBRepository 57 add - Enter saving task Id=0 Tesla Model S 2019
10 Mar 2025 22:41:29,859 TRACE main.JdbcUtils 48 getConnection - Enter
10 Mar 2025 22:41:29,862 TRACE main.JdbcUtils 25 getNewConnection - Enter
10 Mar 2025 22:41:29,862 INFO  main.JdbcUtils 30 getNewConnection - trying to connect to database ... null
10 Mar 2025 22:41:29,862 INFO  main.JdbcUtils 31 getNewConnection - user: null
10 Mar 2025 22:41:29,862 INFO  main.JdbcUtils 32 getNewConnection - pass: null
10 Mar 2025 22:41:29,863 ERROR main.JdbcUtils 41 getNewConnection - java.sql.SQLException: The url cannot be null
10 Mar 2025 22:41:29,864 TRACE main.JdbcUtils 57 getConnection - Exit
10 Mar 2025 22:42:54,514 INFO  main.CarsDBRepository 19 <init> - Initializing CarsDBRepository with properties: {} 
10 Mar 2025 22:42:54,522 TRACE main.CarsDBRepository 57 add - Enter saving task Id=0 Tesla Model S 2019
10 Mar 2025 22:42:54,522 TRACE main.JdbcUtils 48 getConnection - Enter
10 Mar 2025 22:42:54,522 TRACE main.JdbcUtils 25 getNewConnection - Enter
10 Mar 2025 22:42:54,522 INFO  main.JdbcUtils 30 getNewConnection - trying to connect to database ... null
10 Mar 2025 22:42:54,522 INFO  main.JdbcUtils 31 getNewConnection - user: null
10 Mar 2025 22:42:54,522 INFO  main.JdbcUtils 32 getNewConnection - pass: null
10 Mar 2025 22:42:54,525 ERROR main.JdbcUtils 41 getNewConnection - java.sql.SQLException: The url cannot be null
10 Mar 2025 22:42:54,527 TRACE main.JdbcUtils 57 getConnection - Exit
10 Mar 2025 22:43:18,748 INFO  main.CarsDBRepository 19 <init> - Initializing CarsDBRepository with properties: {} 
10 Mar 2025 22:43:18,748 TRACE main.CarsDBRepository 57 add - Enter saving task Id=0 Tesla Model S 2019
10 Mar 2025 22:43:18,748 TRACE main.JdbcUtils 48 getConnection - Enter
10 Mar 2025 22:43:18,748 TRACE main.JdbcUtils 25 getNewConnection - Enter
10 Mar 2025 22:43:18,760 INFO  main.JdbcUtils 30 getNewConnection - trying to connect to database ... null
10 Mar 2025 22:43:18,760 INFO  main.JdbcUtils 31 getNewConnection - user: null
10 Mar 2025 22:43:18,760 INFO  main.JdbcUtils 32 getNewConnection - pass: null
10 Mar 2025 22:43:18,762 ERROR main.JdbcUtils 41 getNewConnection - java.sql.SQLException: The url cannot be null
10 Mar 2025 22:43:18,762 TRACE main.JdbcUtils 57 getConnection - Exit
